[+] Containers:
 |- [+] Container: /Temp/Untitled_3
 |   |- [+] ActorDescs:
 |   |   |- Guid:2343855C45D611BF90DE4C8EE463FA7D BaseClass: NativeClass:/Script/Engine.WorldDataLayers Name:WorldDataLayers Label:WorldDataLayers SpatiallyLoaded:0 Bounds:Invalid RuntimeGrid:None EditorOnly:0 RuntimeOnly:0 HLODRelevant:0 ListedInSceneOutliner:1 IsMainWorldOnly:1
 |   |   |- Guid:3871C7574E36B3E24C59818B8AB14054 BaseClass: NativeClass:/Script/Engine.SkeletalMeshActor Name:SkeletalMeshActor_UAID_7C66EFF810875DED01_1313389802 Label:grainger_bob SpatiallyLoaded:1 Bounds:IsValid=true, Min=(X=359.312 Y=-107.322 Z=7.894), Max=(X=540.842 Y=-68.216 Z=192.321) RuntimeGrid:None EditorOnly:0 RuntimeOnly:0 HLODRelevant:0 ListedInSceneOutliner:1 IsMainWorldOnly:0
 |   |- [+] Clusters:
 |   |   |- [+] [  0]
 |   |   |   |- Guid:2343855C45D611BF90DE4C8EE463FA7D BaseClass: NativeClass:/Script/Engine.WorldDataLayers Name:WorldDataLayers Label:WorldDataLayers SpatiallyLoaded:0 Bounds:Invalid RuntimeGrid:None EditorOnly:0 RuntimeOnly:0 HLODRelevant:0 ListedInSceneOutliner:1 IsMainWorldOnly:1
 |   |   |- [+] [  1]
 |   |   |   |- Guid:3871C7574E36B3E24C59818B8AB14054 BaseClass: NativeClass:/Script/Engine.SkeletalMeshActor Name:SkeletalMeshActor_UAID_7C66EFF810875DED01_1313389802 Label:grainger_bob SpatiallyLoaded:1 Bounds:IsValid=true, Min=(X=359.312 Y=-107.322 Z=7.894), Max=(X=540.842 Y=-68.216 Z=192.321) RuntimeGrid:None EditorOnly:0 RuntimeOnly:0 HLODRelevant:0 ListedInSceneOutliner:1 IsMainWorldOnly:0
 |- ContainerInstances:
 |- [+] MainContainer:
 |   |-        ID: 00000000000000000000000000000000
 |   |-  ParentID: 00000000000000000000000000000000
 |   |-    Bounds: IsValid=true, Min=(X=359.312 Y=-107.322 Z=7.894), Max=(X=540.842 Y=-68.216 Z=192.321)
 |   |- Transform: 0.000000,0.000000,0.000000|0.000000,0.000000,-0.000000|1.000000,1.000000,1.000000
 |   |- Container: /Temp/Untitled_3
----------------------------------------------------------------------------------------------------------------
Untitled - Persistent Level
----------------------------------------------------------------------------------------------------------------
[+] Content of Untitled Persistent Level
 |- Always loaded Actor Count: 8 
 |- Actor Path: /Temp/Untitled_3.Untitled:PersistentLevel.AbstractNavData-Default
 |- Actor Package: /Temp/Untitled_3
 |- Actor Path: /Temp/Untitled_3.Untitled:PersistentLevel.Brush_0
 |- Actor Package: /Temp/Untitled_3
 |- Actor Path: /Temp/Untitled_3.Untitled:PersistentLevel.DefaultPhysicsVolume_0
 |- Actor Package: /Temp/Untitled_3
 |- Actor Path: /Temp/Untitled_3.Untitled:PersistentLevel.GameplayDebuggerPlayerManager_0
 |- Actor Package: /Temp/Untitled_3
 |- Actor Path: /Temp/Untitled_3.Untitled:PersistentLevel.SkeletalMeshActor_UAID_7C66EFF810875DED01_1313389802
 |- Actor Package: /Temp/__ExternalActors__/Untitled_3/1/2O/9XB17ARYYNBJRDM128W5UK
 |- Actor Path: /Temp/Untitled_3.Untitled:PersistentLevel.WorldDataLayers
 |- Actor Package: /Temp/__ExternalActors__/Untitled_3/9/H2/4A9GWUCAYWUHMB7TW4WTOD
 |- Actor Path: /Temp/Untitled_3.Untitled:PersistentLevel.WorldPartitionMiniMap_UAID_7C66EFF810875DED01_1298562801
 |- Actor Package: /Temp/__ExternalActors__/Untitled_3/B/CF/IBM5WY9WJOWM0VJQ83YBG2
 |- Actor Path: /Temp/Untitled_3.Untitled:PersistentLevel.WorldSettings
 |- Actor Package: /Temp/Untitled_3

----------------------------------------------------------------------------------------------------------------
Untitled - Runtime Spatial Hash - Streaming Grid - MainGrid
----------------------------------------------------------------------------------------------------------------
            Origin: X=0.000 Y=0.000 Z=0.000
         Cell Size: 12800
      World Bounds: IsValid=true, Min=(X=359.312 Y=-107.322 Z=7.894), Max=(X=540.842 Y=-68.216 Z=192.321)
     Loading Range: 25600.00
Block Slow Loading: No
 ClientOnlyVisible: No
            Origin: X=0.000 Y=0.000 Z=0.000

[+] Grid Levels: 2
 |- Level  0: Cell Count    1 | Cell Size   12800 | Actor Count    1 (100.0%)
 |- Level  1: Cell Count    0 | Cell Size   25600 | Actor Count    0 (0.0%)

[+] Content of Grid Level 0
 |- [+] Content of Cell Untitled_3_MainGrid_L0_X0_Y0 (6AUIPMWHB5YECH2TJWPYBK0AH)
 |   |- Actor Count: 1
 |   |-          Actor Path: /Temp/Untitled_3.Untitled:PersistentLevel.SkeletalMeshActor_UAID_7C66EFF810875DED01_1313389802
 |   |-       Actor Package: /Temp/__ExternalActors__/Untitled_3/1/2O/9XB17ARYYNBJRDM128W5UK
 |   |- Actor Instance Guid: 3871C7574E36B3E24C59818B8AB14054
[+] Content of Grid Level 1

