[+] Containers:
 |- [+] Container: /Temp/Untitled_4
 |   |- [+] ActorDescs:
 |   |   |- Guid:4E34672E43F9BDBE00EC96AB11A3B85C BaseClass:/Game/HorrorEngine/Blueprints/UsableAssets/Lights/Spotlight.Spotlight_C NativeClass:/Script/Engine.Actor Name:Spotlight_C_UAID_7C66EFF810875EED01_1174832985 Label:Spotlight SpatiallyLoaded:1 Bounds:IsValid=true, Min=(X=1120.000 Y=730.000 Z=90.000), Max=(X=1280.000 Y=890.000 Z=251.000) RuntimeGrid:None EditorOnly:0 RuntimeOnly:0 HLODRelevant:0 ListedInSceneOutliner:1 IsMainWorldOnly:0
 |   |   |- Guid:668FD36E485C74A9F2BA71B8E25773D8 BaseClass: NativeClass:/Script/Engine.PlayerStart Name:PlayerStart_UAID_7C66EFF810875DED01_2072767806 Label:PlayerStart SpatiallyLoaded:0 Bounds:IsValid=true, Min=(X=1050.000 Y=770.000 Z=20.000), Max=(X=1130.000 Y=850.000 Z=204.000) RuntimeGrid:None EditorOnly:0 RuntimeOnly:0 HLODRelevant:0 ListedInSceneOutliner:1 IsMainWorldOnly:0
 |   |   |- Guid:7045F85A42096B77D58E16B4F2A09928 BaseClass: NativeClass:/Script/Engine.StaticMeshActor Name:StaticMeshActor_UAID_7C66EFF810875DED01_2038079805 Label:Floor_400x400 SpatiallyLoaded:1 Bounds:IsValid=true, Min=(X=1070.000 Y=590.000 Z=-0.000), Max=(X=1470.000 Y=990.000 Z=20.000) RuntimeGrid:None EditorOnly:0 RuntimeOnly:0 HLODRelevant:1 ListedInSceneOutliner:1 IsMainWorldOnly:0
 |   |   |- Guid:BE32FC61492A77C4BF43CDB1B255BC97 BaseClass: NativeClass:/Script/Engine.WorldDataLayers Name:WorldDataLayers Label:WorldDataLayers SpatiallyLoaded:0 Bounds:Invalid RuntimeGrid:None EditorOnly:0 RuntimeOnly:0 HLODRelevant:0 ListedInSceneOutliner:1 IsMainWorldOnly:1
 |   |   |- Guid:D527BC504930B901B095DFBF30CC1731 BaseClass: NativeClass:/Script/Engine.SkeletalMeshActor Name:SkeletalMeshActor_UAID_7C66EFF810875DED01_2094679807 Label:Idle SpatiallyLoaded:1 Bounds:IsValid=true, Min=(X=1212.037 Y=761.117 Z=14.958), Max=(X=1317.187 Y=866.576 Z=190.482) RuntimeGrid:None EditorOnly:0 RuntimeOnly:0 HLODRelevant:0 ListedInSceneOutliner:1 IsMainWorldOnly:0
 |   |- [+] Clusters:
 |   |   |- [+] [  0]
 |   |   |   |- Guid:4E34672E43F9BDBE00EC96AB11A3B85C BaseClass:/Game/HorrorEngine/Blueprints/UsableAssets/Lights/Spotlight.Spotlight_C NativeClass:/Script/Engine.Actor Name:Spotlight_C_UAID_7C66EFF810875EED01_1174832985 Label:Spotlight SpatiallyLoaded:1 Bounds:IsValid=true, Min=(X=1120.000 Y=730.000 Z=90.000), Max=(X=1280.000 Y=890.000 Z=251.000) RuntimeGrid:None EditorOnly:0 RuntimeOnly:0 HLODRelevant:0 ListedInSceneOutliner:1 IsMainWorldOnly:0
 |   |   |- [+] [  1]
 |   |   |   |- Guid:668FD36E485C74A9F2BA71B8E25773D8 BaseClass: NativeClass:/Script/Engine.PlayerStart Name:PlayerStart_UAID_7C66EFF810875DED01_2072767806 Label:PlayerStart SpatiallyLoaded:0 Bounds:IsValid=true, Min=(X=1050.000 Y=770.000 Z=20.000), Max=(X=1130.000 Y=850.000 Z=204.000) RuntimeGrid:None EditorOnly:0 RuntimeOnly:0 HLODRelevant:0 ListedInSceneOutliner:1 IsMainWorldOnly:0
 |   |   |- [+] [  2]
 |   |   |   |- Guid:7045F85A42096B77D58E16B4F2A09928 BaseClass: NativeClass:/Script/Engine.StaticMeshActor Name:StaticMeshActor_UAID_7C66EFF810875DED01_2038079805 Label:Floor_400x400 SpatiallyLoaded:1 Bounds:IsValid=true, Min=(X=1070.000 Y=590.000 Z=-0.000), Max=(X=1470.000 Y=990.000 Z=20.000) RuntimeGrid:None EditorOnly:0 RuntimeOnly:0 HLODRelevant:1 ListedInSceneOutliner:1 IsMainWorldOnly:0
 |   |   |- [+] [  3]
 |   |   |   |- Guid:BE32FC61492A77C4BF43CDB1B255BC97 BaseClass: NativeClass:/Script/Engine.WorldDataLayers Name:WorldDataLayers Label:WorldDataLayers SpatiallyLoaded:0 Bounds:Invalid RuntimeGrid:None EditorOnly:0 RuntimeOnly:0 HLODRelevant:0 ListedInSceneOutliner:1 IsMainWorldOnly:1
 |   |   |- [+] [  4]
 |   |   |   |- Guid:D527BC504930B901B095DFBF30CC1731 BaseClass: NativeClass:/Script/Engine.SkeletalMeshActor Name:SkeletalMeshActor_UAID_7C66EFF810875DED01_2094679807 Label:Idle SpatiallyLoaded:1 Bounds:IsValid=true, Min=(X=1212.037 Y=761.117 Z=14.958), Max=(X=1317.187 Y=866.576 Z=190.482) RuntimeGrid:None EditorOnly:0 RuntimeOnly:0 HLODRelevant:0 ListedInSceneOutliner:1 IsMainWorldOnly:0
 |- ContainerInstances:
 |- [+] MainContainer:
 |   |-        ID: 00000000000000000000000000000000
 |   |-  ParentID: 00000000000000000000000000000000
 |   |-    Bounds: IsValid=true, Min=(X=1070.000 Y=590.000 Z=-0.000), Max=(X=1470.000 Y=990.000 Z=251.000)
 |   |- Transform: 0.000000,0.000000,0.000000|0.000000,0.000000,-0.000000|1.000000,1.000000,1.000000
 |   |- Container: /Temp/Untitled_4
----------------------------------------------------------------------------------------------------------------
Untitled - Persistent Level
----------------------------------------------------------------------------------------------------------------
[+] Content of Untitled Persistent Level
 |- Always loaded Actor Count: 11 
 |- Actor Path: /Temp/Untitled_4.Untitled:PersistentLevel.AbstractNavData-Default
 |- Actor Package: /Temp/Untitled_4
 |- Actor Path: /Temp/Untitled_4.Untitled:PersistentLevel.Brush_0
 |- Actor Package: /Temp/Untitled_4
 |- Actor Path: /Temp/Untitled_4.Untitled:PersistentLevel.DefaultPhysicsVolume_0
 |- Actor Package: /Temp/Untitled_4
 |- Actor Path: /Temp/Untitled_4.Untitled:PersistentLevel.GameplayDebuggerPlayerManager_0
 |- Actor Package: /Temp/Untitled_4
 |- Actor Path: /Temp/Untitled_4.Untitled:PersistentLevel.PlayerStart_UAID_7C66EFF810875DED01_2072767806
 |- Actor Package: /Temp/__ExternalActors__/Untitled_4/C/TI/AEND5R9A7ZRKWQIGQG79P3
 |- Actor Path: /Temp/Untitled_4.Untitled:PersistentLevel.SkeletalMeshActor_UAID_7C66EFF810875DED01_2094679807
 |- Actor Package: /Temp/__ExternalActors__/Untitled_4/2/FO/LIAC90ABCJNL4VX1L87IXE
 |- Actor Path: /Temp/Untitled_4.Untitled:PersistentLevel.Spotlight_C_UAID_7C66EFF810875EED01_1174832985
 |- Actor Package: /Temp/__ExternalActors__/Untitled_4/6/R6/A5G8TQC75HPYQJ96AGTXX4
 |- Actor Path: /Temp/Untitled_4.Untitled:PersistentLevel.StaticMeshActor_UAID_7C66EFF810875DED01_2038079805
 |- Actor Package: /Temp/__ExternalActors__/Untitled_4/D/30/MMJFVXBFM6OU1JO908J9B8
 |- Actor Path: /Temp/Untitled_4.Untitled:PersistentLevel.WorldDataLayers
 |- Actor Package: /Temp/__ExternalActors__/Untitled_4/C/P5/UA0UU0K24Y9P3K0KLEREKY
 |- Actor Path: /Temp/Untitled_4.Untitled:PersistentLevel.WorldPartitionMiniMap_UAID_7C66EFF810875DED01_2007419804
 |- Actor Package: /Temp/__ExternalActors__/Untitled_4/2/AG/56UAZUS89W543OL5TJM78I
 |- Actor Path: /Temp/Untitled_4.Untitled:PersistentLevel.WorldSettings
 |- Actor Package: /Temp/Untitled_4

----------------------------------------------------------------------------------------------------------------
Untitled - Runtime Spatial Hash - Streaming Grid - MainGrid
----------------------------------------------------------------------------------------------------------------
            Origin: X=0.000 Y=0.000 Z=0.000
         Cell Size: 12800
      World Bounds: IsValid=true, Min=(X=1070.000 Y=590.000 Z=-0.000), Max=(X=1470.000 Y=990.000 Z=251.000)
     Loading Range: 25600.00
Block Slow Loading: No
 ClientOnlyVisible: No
            Origin: X=0.000 Y=0.000 Z=0.000

[+] Grid Levels: 2
 |- Level  0: Cell Count    1 | Cell Size   12800 | Actor Count    3 (100.0%)
 |- Level  1: Cell Count    0 | Cell Size   25600 | Actor Count    0 (0.0%)

[+] Content of Grid Level 0
 |- [+] Content of Cell Untitled_4_MainGrid_L0_X0_Y0 (2GEQBWBX9UWCDNILXFHU5DL1N)
 |   |- Actor Count: 3
 |   |-          Actor Path: /Temp/Untitled_4.Untitled:PersistentLevel.Spotlight_C_UAID_7C66EFF810875EED01_1174832985
 |   |-       Actor Package: /Temp/__ExternalActors__/Untitled_4/6/R6/A5G8TQC75HPYQJ96AGTXX4
 |   |- Actor Instance Guid: 4E34672E43F9BDBE00EC96AB11A3B85C
 |   |-          Actor Path: /Temp/Untitled_4.Untitled:PersistentLevel.StaticMeshActor_UAID_7C66EFF810875DED01_2038079805
 |   |-       Actor Package: /Temp/__ExternalActors__/Untitled_4/D/30/MMJFVXBFM6OU1JO908J9B8
 |   |- Actor Instance Guid: 7045F85A42096B77D58E16B4F2A09928
 |   |-          Actor Path: /Temp/Untitled_4.Untitled:PersistentLevel.SkeletalMeshActor_UAID_7C66EFF810875DED01_2094679807
 |   |-       Actor Package: /Temp/__ExternalActors__/Untitled_4/2/FO/LIAC90ABCJNL4VX1L87IXE
 |   |- Actor Instance Guid: D527BC504930B901B095DFBF30CC1731
[+] Content of Grid Level 1

